<?xml version="1.0" encoding="utf-8"?><testsuites name="pytest tests"><testsuite name="pytest" errors="0" failures="1" skipped="0" tests="16" time="2.801" timestamp="2026-07-23T14:50:40.683712+00:00" hostname="agent-env-833ba69d-92db-4e4c-a9e0-71235a776ab7"><testcase classname="tests.test_iteration_3.TestSeveritySummary" name="test_default_days_30_shape" time="0.337" /><testcase classname="tests.test_iteration_3.TestSeveritySummary" name="test_days_1_returns_single_entry" time="0.070" /><testcase classname="tests.test_iteration_3.TestSeveritySummary" name="test_route_not_shadowed_by_id_route" time="0.045" /><testcase classname="tests.test_iteration_3.TestEvidence" name="test_upload_list_download" time="0.749" /><testcase classname="tests.test_iteration_3.TestRecalls" name="test_create_and_list_recall" time="0.309" /><testcase classname="tests.test_iteration_3.TestEvidence" name="test_upload_unsupported_ext_returns_415" time="0.056" /><testcase classname="tests.test_iteration_3.TestRecalls" name="test_create_recall_empty_batch_returns_400" time="0.084" /><testcase classname="tests.test_iteration_3.TestEvidence" name="test_upload_over_10mb_returns_413" time="0.741" /><testcase classname="tests.test_iteration_3.TestRecalls" name="test_list_recalls_returns_list" time="0.047" /><testcase classname="tests.test_iteration_3.TestRegression" name="test_root" time="0.042" /><testcase classname="tests.test_iteration_3.TestRegression" name="test_history_still_works" time="0.054" /><testcase classname="tests.test_iteration_3.TestRegression" name="test_get_by_id_and_404" time="0.088" /><testcase classname="tests.test_iteration_3.TestDuplicateCheckTotals" name="test_total_quantity_affected_present" time="0.105" /><testcase classname="tests.test_iteration_3.TestPdfWithEvidence" name="test_pdf_size_increases_with_image" time="0.094"><failure message="AssertionError: Internal Server Error&#10;assert 500 == 200&#10; +  where 500 = &lt;Response [500]&gt;.status_code">backend/tests/test_iteration_3.py:292: in test_pdf_size_increases_with_image
    assert r1.status_code == 200, r1.text
E   AssertionError: Internal Server Error
E   assert 500 == 200
E    +  where 500 = &lt;Response [500]&gt;.status_code</failure></testcase><testcase classname="tests.test_iteration_3.TestEvidence" name="test_upload_to_missing_complaint_returns_404" time="0.060" /><testcase classname="tests.test_iteration_3.TestEvidence" name="test_delete_evidence" time="0.198" /></testsuite></testsuites>