<?xml version="1.0" encoding="utf-8"?><testsuites name="pytest tests"><testsuite name="pytest" errors="0" failures="0" skipped="0" tests="15" time="4.899" timestamp="2026-07-23T14:39:34.899949+00:00" hostname="agent-env-833ba69d-92db-4e4c-a9e0-71235a776ab7"><testcase classname="tests.test_iteration_2.TestStreamExtract" name="test_stream_emits_start_fields_done" time="2.412" /><testcase classname="tests.test_iteration_2.TestRegression" name="test_root" time="0.119" /><testcase classname="tests.test_iteration_2.TestRegression" name="test_extract_non_stream_text" time="2.157" /><testcase classname="tests.test_iteration_2.TestRegression" name="test_save_persists" time="0.062" /><testcase classname="tests.test_iteration_2.TestRegression" name="test_chat_valid" time="1.302" /><testcase classname="tests.test_iteration_2.TestStreamExtract" name="test_stream_empty_body_returns_400" time="0.051" /><testcase classname="tests.test_iteration_2.TestStreamExtract" name="test_stream_unsupported_extension_returns_415" time="0.046" /><testcase classname="tests.test_iteration_2.TestPdfAndGetById" name="test_get_complaint_by_id_200_and_404" time="0.179" /><testcase classname="tests.test_iteration_2.TestPdfAndGetById" name="test_pdf_download_after_fresh_save" time="0.108" /><testcase classname="tests.test_iteration_2.TestPdfAndGetById" name="test_pdf_not_found_returns_404" time="0.048" /><testcase classname="tests.test_iteration_2.TestHistory" name="test_list_limit_10_newest_first" time="0.054" /><testcase classname="tests.test_iteration_2.TestRegression" name="test_chat_empty_returns_400" time="0.051" /><testcase classname="tests.test_iteration_2.TestDuplicateCheck" name="test_duplicate_match_case_insensitive" time="0.101" /><testcase classname="tests.test_iteration_2.TestDuplicateCheck" name="test_duplicate_nonexistent_batch" time="0.049" /><testcase classname="tests.test_iteration_2.TestDuplicateCheck" name="test_duplicate_empty_batch_no_500" time="0.057" /></testsuite></testsuites>