<?xml version="1.0" encoding="utf-8"?><testsuites name="pytest tests"><testsuite name="pytest" errors="0" failures="0" skipped="0" tests="12" time="2.221" timestamp="2026-07-23T14:52:55.156620+00:00" hostname="agent-env-833ba69d-92db-4e4c-a9e0-71235a776ab7"><testcase classname="tests.test_iteration_3.TestSeveritySummary" name="test_default_days_30_shape" time="0.167" /><testcase classname="tests.test_iteration_3.TestSeveritySummary" name="test_days_1_returns_single_entry" time="0.073" /><testcase classname="tests.test_iteration_2.TestPdfAndGetById" name="test_get_complaint_by_id_200_and_404" time="0.361" /><testcase classname="tests.test_iteration_3.TestSeveritySummary" name="test_route_not_shadowed_by_id_route" time="0.076" /><testcase classname="tests.test_iteration_2.TestPdfAndGetById" name="test_pdf_download_after_fresh_save" time="0.144" /><testcase classname="tests.test_iteration_3.TestEvidence" name="test_upload_list_download" time="0.345" /><testcase classname="tests.test_iteration_2.TestPdfAndGetById" name="test_pdf_not_found_returns_404" time="0.087" /><testcase classname="tests.test_iteration_3.TestEvidence" name="test_delete_evidence" time="0.260" /><testcase classname="tests.test_iteration_3.TestDuplicateCheckTotals" name="test_total_quantity_affected_present" time="0.163" /><testcase classname="tests.test_iteration_3.TestRecalls" name="test_list_recalls_returns_list" time="0.052" /><testcase classname="tests.test_iteration_3.TestRegression" name="test_root" time="0.086" /><testcase classname="tests.test_iteration_3.TestPdfWithEvidence" name="test_pdf_size_increases_with_image" time="0.309" /></testsuite></testsuites>