<?xml version="1.0" encoding="utf-8"?><testsuites name="pytest tests"><testsuite name="pytest" errors="0" failures="0" skipped="0" tests="8" time="6.512" timestamp="2026-07-23T14:29:29.074323+00:00" hostname="agent-env-833ba69d-92db-4e4c-a9e0-71235a776ab7"><testcase classname="tests.backend_test.TestChat" name="test_chat_returns_reply" time="0.952" /><testcase classname="tests.backend_test.TestExtract" name="test_extract_from_text" time="2.586" /><testcase classname="tests.backend_test.TestChat" name="test_chat_empty_message_returns_400" time="0.044" /><testcase classname="tests.backend_test.TestHealth" name="test_root_ok" time="0.044" /><testcase classname="tests.backend_test.TestSaveAndList" name="test_save_and_list_persists" time="0.118" /><testcase classname="tests.backend_test.TestExtract" name="test_extract_from_txt_file" time="2.214" /><testcase classname="tests.backend_test.TestExtract" name="test_extract_no_input_returns_400" time="0.056" /><testcase classname="tests.backend_test.TestExtract" name="test_extract_oversized_file_returns_413" time="0.625" /></testsuite></testsuites>